10:17:00.935 INFO  Framework.Base -Finish Of Execution(TEST)kkkkkkkkk->Base.setup()[pri:0, instance:TestCases.verifyloginscreen@7096b474]
10:17:00.943 INFO  Framework.Base -Opening properties file - C:\Assignment\Amazon\src\main\java\Resources\Data.properties
10:17:00.944 INFO  Framework.Base -Properties file - C:\Assignment\Amazon\src\main\java\Resources\Data.properties Loaded.
10:17:11.899 INFO  Framework.Base -after navigate to https://www.amazon.ca/
10:17:11.899 INFO  Framework.Base -Start Of Execution(TEST)->loginscreen Test
10:17:11.914 INFO  Framework.Base -Start Of TEST->verifyTitle
10:17:11.915 INFO  Framework.Base -Finish Of Execution(TEST)kkkkkkkkk->verifyloginscreen.verifyTitle()[pri:1, instance:TestCases.verifyloginscreen@7096b474]
10:17:12.425 INFO  Framework.Base -beforeClickOn--> Kindle Paperwhite
10:17:19.855 INFO  Framework.Base -after click on  [[ChromeDriver: chrome on XP (9c01d57f9caa6ef6a4eaf6d607202257)] -> xpath: //span[contains(text(),'Kindle Paperwhite')]]
10:17:20.785 INFO  Framework.Base -beforeClickOn--> 2
                                    
10:17:20.833 INFO  Framework.Base -after click on  [[[[ChromeDriver: chrome on XP (9c01d57f9caa6ef6a4eaf6d607202257)] -> xpath: //select[@id='quantity']]] -> xpath: .//option[normalize-space(.) = "2"]]
10:17:20.946 INFO  Framework.Base -beforeClickOn--> 
10:17:21.107 INFO  Framework.Base -after click on  [[ChromeDriver: chrome on XP (9c01d57f9caa6ef6a4eaf6d607202257)] -> xpath: //input[@id='add-to-cart-button']]
10:17:24.198 INFO  Framework.Base -beforeClickOn--> 
10:17:25.163 INFO  Framework.Base -after click on  [[ChromeDriver: chrome on XP (9c01d57f9caa6ef6a4eaf6d607202257)] -> xpath: //button[contains(@class,'a-button-close a-declarative')]]
10:17:25.714 INFO  Framework.Base -beforeClickOn--> 
10:17:26.429 INFO  Framework.Base -after click on  [[ChromeDriver: chrome on XP (9c01d57f9caa6ef6a4eaf6d607202257)] -> xpath: //a[@class='hucSprite s_checkout hlb-checkout-button']]
10:17:26.500 INFO  Framework.Base -Test Passed--verifyTitle
10:17:26.501 INFO  Framework.Base -Finish Of Execution(TEST)kkkkkkkkk->Base.tearDown(org.testng.ITestResult)[pri:0, instance:TestCases.verifyloginscreen@7096b474]
10:17:27.502 INFO  Framework.Base -verifyTitlePASS
10:17:27.503 INFO  Framework.Base -Finish Of Execution(TEST)->loginscreen Test
10:17:27.574 INFO  Framework.Base -Finish Of Execution(TEST)kkkkkkkkk->Base.tearDown()[pri:0, instance:TestCases.verifyloginscreen@7096b474]
10:17:27.575 INFO  Framework.Base -Properties File - 'java.io.FileInputStream@8bffb8b' Closed successfully
11:55:27.784 INFO  Framework.Base -Finish Of Execution(TEST)kkkkkkkkk->Base.setup()[pri:0, instance:TestCases.verifyloginscreen@7096b474]
11:55:27.793 INFO  Framework.Base -Opening properties file - C:\Assignment\Amazon\src\main\java\Resources\Data.properties
11:55:27.794 INFO  Framework.Base -Properties file - C:\Assignment\Amazon\src\main\java\Resources\Data.properties Loaded.
11:55:54.864 INFO  Framework.Base -after navigate to https://www.amazon.ca/
11:55:54.864 INFO  Framework.Base -Start Of Execution(TEST)->loginscreen Test
11:55:54.883 INFO  Framework.Base -Start Of TEST->verifyTitle
11:55:54.884 INFO  Framework.Base -Finish Of Execution(TEST)kkkkkkkkk->verifyloginscreen.verifyTitle()[pri:1, instance:TestCases.verifyloginscreen@7096b474]
11:55:58.576 INFO  Framework.Base -beforeClickOn--> Kindle Paperwhite
11:55:58.678 INFO  Framework.Base -Test Failed--verifyTitle
11:55:59.719 INFO  Framework.Base -screenshot captured Screenshots&reports\TestCases.verifyloginscreen.png
11:55:59.760 INFO  Framework.Base -Finish Of Execution(TEST)kkkkkkkkk->Base.tearDown(org.testng.ITestResult)[pri:0, instance:TestCases.verifyloginscreen@7096b474]
11:56:00.761 INFO  Framework.Base -verifyTitle FAIL
11:56:00.762 INFO  Framework.Base -Finish Of Execution(TEST)->loginscreen Test
11:56:00.897 INFO  Framework.Base -Finish Of Execution(TEST)kkkkkkkkk->Base.tearDown()[pri:0, instance:TestCases.verifyloginscreen@7096b474]
11:56:00.898 INFO  Framework.Base -Properties File - 'java.io.FileInputStream@1fde4f40' Closed successfully
